2026-03-17 16:48:11, MOVE, v:1, k:fup@sobrou, mode:PICK
2026-03-17 16:48:13, EXEC, v:1, k:fup@sobrou, mode:FULL, rate:0
2026-03-17 16:50:43, EXEC, v:1, k:fup@sobrou, mode:FULL, rate:0, size:15
2026-03-17 16:51:11, EXEC, v:1, k:fup@sobrou, mode:FULL, rate:100, size:15
2026-03-17 16:56:05, MOVE, v:1, k:fup@sobrou, mode:BACK
2026-03-17 16:57:49, SELF, v:1, k:fup@sobrou, self:1, rate:100, study:40, friend:Nao
2026-03-17 16:58:02, SELF, v:1, k:fup@media, self:1, rate:100, study:19, friend:Sim, concept:1, code:1, debug:1, refactor:1
2026-03-17 17:01:22, MOVE, v:1, k:fup@segundos, mode:DOWN
2026-03-17 17:01:25, MOVE, v:1, k:fup@segundos, mode:PICK
2026-03-17 17:01:27, EXEC, v:1, k:fup@segundos, mode:FULL, rate:0, size:5
2026-03-17 17:26:26, MOVE, v:1, k:fup@resto, mode:PICK
2026-03-17 17:26:30, EXEC, v:1, k:fup@resto, mode:FULL, rate:100
2026-03-17 17:26:33, MOVE, v:1, k:fup@resto, mode:BACK
2026-03-17 17:26:49, SELF, v:1, k:fup@media, self:1, rate:100, study:19, friend:Sim, concept:1, code:1, debug:1, refactor:1
2026-03-17 17:27:11, SELF, v:1, k:fup@resto, self:1, rate:100, study:20, friend:Nao
2026-03-17 17:27:48, SELF, v:1, k:fup@resto, self:1, rate:100, study:20, friend:Nao
2026-03-17 17:28:02, SELF, v:1, k:fup@media, self:1, rate:100, study:19, concept:1, code:1, debug:1, refactor:1
2026-03-17 17:28:06, MOVE, v:1, k:fup@sobrou, mode:PICK
2026-03-17 17:28:08, MOVE, v:1, k:fup@sobrou, mode:BACK
2026-03-17 17:29:12, SELF, v:1, k:fup@media, self:1, rate:100, study:19, concept:1, refactor:1
2026-03-17 17:29:21, SELF, v:1, k:fup@sobrou, self:1, rate:100, study:40, friend:Nao, refactor:1
2026-03-17 17:29:31, SELF, v:1, k:fup@sobrou, self:1, rate:100, friend:Nao, refactor:1
2026-03-17 17:29:41, SELF, v:1, k:fup@media, self:1, rate:100, concept:1, refactor:1
2026-03-17 17:29:48, SELF, v:1, k:fup@resto, self:1, rate:100, study:20, friend:Nao
2026-03-17 17:29:55, SELF, v:1, k:fup@tres, self:1, rate:100, study:20, friend:Nao, guided:1
2026-03-17 17:30:05, SELF, v:1, k:fup@tres, self:1, rate:100, study:20, friend:Nao, guided:1
