2026-03-23 17:06:29, MOVE, v:1, k:fup@segundos, mode:PICK
2026-03-23 17:06:31, EXEC, v:1, k:fup@segundos, mode:FULL, size:6, fail:COMP
2026-03-23 17:06:47, MOVE, v:1, k:fup@segundos, mode:BACK
2026-03-23 17:06:49, MOVE, v:1, k:fup@segundos, mode:PICK
2026-03-23 17:06:53, EXEC, v:1, k:fup@segundos, mode:FULL, fail:COMP
2026-03-23 17:07:39, EXEC, v:1, k:fup@segundos, mode:FULL, rate:0, size:7
2026-03-23 17:24:11, EXEC, v:1, k:fup@segundos, mode:FULL, rate:0, size:7
2026-03-23 17:28:14, EXEC, v:1, k:fup@segundos, mode:FULL, rate:0, size:7
2026-03-23 17:29:29, EXEC, v:1, k:fup@segundos, mode:FULL, rate:0, size:7
2026-03-23 17:31:04, EXEC, v:1, k:fup@segundos, mode:FULL, rate:0, size:9
2026-03-23 17:36:22, EXEC, v:1, k:fup@segundos, mode:FULL, size:10, fail:COMP
2026-03-23 17:36:31, EXEC, v:1, k:fup@segundos, mode:FULL, rate:0, size:10
2026-03-23 17:37:02, EXEC, v:1, k:fup@segundos, mode:FULL, rate:0, size:10
2026-03-23 17:38:02, EXEC, v:1, k:fup@segundos, mode:FULL, rate:0, size:11
2026-03-23 17:38:16, EXEC, v:1, k:fup@segundos, mode:FULL, rate:0, size:11
2026-03-23 17:38:28, MOVE, v:1, k:fup@segundos, mode:PICK
2026-03-23 17:38:30, EXEC, v:1, k:fup@segundos, mode:FULL, rate:0
2026-03-23 17:38:38, EXEC, v:1, k:fup@segundos, mode:FULL, rate:0, size:11
2026-03-23 17:38:55, EXEC, v:1, k:fup@segundos, mode:FULL, rate:0, size:11
2026-03-23 17:41:38, EXEC, v:1, k:fup@segundos, mode:FULL, rate:0, size:11
2026-03-23 17:42:15, EXEC, v:1, k:fup@segundos, mode:FULL, rate:0, size:12
2026-03-23 17:42:40, EXEC, v:1, k:fup@segundos, mode:FULL, rate:0, size:12
2026-03-23 17:50:54, EXEC, v:1, k:fup@segundos, mode:FULL, rate:0, size:11
2026-03-23 17:52:44, EXEC, v:1, k:fup@segundos, mode:FULL, rate:0, size:11
2026-03-23 17:52:58, EXEC, v:1, k:fup@segundos, mode:FULL, rate:100, size:11
2026-03-23 17:54:51, MOVE, v:1, k:fup@segundos, mode:BACK
2026-03-23 17:56:33, SELF, v:1, k:fup@segundos, self:1, rate:100, concept:1, refactor:1
