2026-04-06 16:20:21, SELF, v:1, k:fup@quantos, self:1, rate:100, refactor:1
2026-04-06 16:20:31, SELF, v:1, k:fup@impar, self:1, rate:100, refactor:1
2026-04-06 16:24:08, MOVE, v:1, k:fup@round, mode:PICK
2026-04-06 16:24:11, EXEC, v:1, k:fup@round, mode:FULL, rate:0
2026-04-06 16:24:23, EXEC, v:1, k:fup@round, mode:FULL, rate:0
2026-04-06 16:58:01, MOVE, v:1, k:fup@round, mode:PICK
2026-04-06 16:58:04, EXEC, v:1, k:fup@round, mode:FULL, rate:0
2026-04-06 16:58:41, MOVE, v:1, k:fup@round, mode:BACK
2026-04-06 17:00:53, MOVE, v:1, k:fup@round, mode:PICK
2026-04-06 17:00:55, EXEC, v:1, k:fup@round, mode:FULL, rate:0
2026-04-06 17:01:28, MOVE, v:1, k:fup@round, mode:BACK
2026-04-06 17:03:19, MOVE, v:1, k:fup@tv, mode:DOWN
2026-04-06 17:03:21, MOVE, v:1, k:fup@tv, mode:PICK
2026-04-06 17:03:27, EXEC, v:1, k:fup@tv, mode:FULL, rate:0, size:5
2026-04-06 17:09:43, MOVE, v:1, k:fup@tv, mode:BACK
2026-04-06 18:01:22, MOVE, v:1, k:fup@round, mode:PICK
2026-04-06 18:01:26, EXEC, v:1, k:fup@round, mode:FULL, rate:0
2026-04-06 18:07:27, MOVE, v:1, k:fup@round, mode:BACK
2026-04-06 18:07:50, MOVE, v:1, k:fup@tv, mode:PICK
2026-04-06 18:07:52, EXEC, v:1, k:fup@tv, mode:FULL, size:10, fail:COMP
2026-04-06 18:08:12, MOVE, v:1, k:fup@tv, mode:BACK
2026-04-06 18:08:20, MOVE, v:1, k:fup@tv, mode:PICK
2026-04-06 18:08:23, EXEC, v:1, k:fup@tv, mode:FULL, fail:COMP
2026-04-06 18:19:50, EXEC, v:1, k:fup@tv, mode:FULL, rate:0, size:15
2026-04-06 18:20:02, EXEC, v:1, k:fup@tv, mode:FULL, rate:100, size:15
2026-04-06 18:23:38, MOVE, v:1, k:fup@tv, mode:BACK
2026-04-06 18:24:32, MOVE, v:1, k:fup@mumia, mode:DOWN
2026-04-06 18:24:34, MOVE, v:1, k:fup@mumia, mode:PICK
2026-04-06 18:24:35, EXEC, v:1, k:fup@mumia, mode:FULL, rate:0, size:5
2026-04-06 18:26:56, MOVE, v:1, k:fup@mumia, mode:BACK
2026-04-06 18:27:56, SELF, v:1, k:fup@tv, self:1, rate:100, study:15, refactor:1
