2026-06-04 22:07:42, MOVE, v:1, k:fup@bala, mode:DOWN
2026-06-04 22:07:44, MOVE, v:1, k:fup@bala, mode:PICK
2026-06-04 22:08:11, EXEC, v:1, k:fup@bala, mode:FULL, rate:0, size:5
2026-06-04 22:08:54, MOVE, v:1, k:fup@bala, mode:BACK
2026-06-04 22:09:07, MOVE, v:1, k:eval1@bala, mode:PICK
2026-06-04 22:09:10, EXEC, v:1, k:eval1@bala, mode:FULL, rate:100
2026-06-04 22:09:11, MOVE, v:1, k:eval1@bala, mode:BACK
2026-06-04 22:09:27, MOVE, v:1, k:eval1@bala, mode:PICK
2026-06-04 22:09:30, EXEC, v:1, k:eval1@bala, mode:FULL, rate:100
2026-06-04 22:09:47, MOVE, v:1, k:eval1@bala, mode:BACK
2026-06-04 22:07:42, MOVE, v:1, k:fup@bala, mode:EDIT
2026-06-04 22:08:10, MOVE, v:1, k:fup@bala, mode:EDIT
2026-06-04 22:09:07, MOVE, v:1, k:eval1@bala, mode:EDIT
2026-06-04 22:09:33, MOVE, v:1, k:eval1@bala, mode:EDIT
2026-06-04 22:09:32, MOVE, v:1, k:eval1@bala, mode:EDIT
2026-06-04 22:09:29, MOVE, v:1, k:eval1@bala, mode:EDIT
2026-06-04 22:27:45, MOVE, v:1, k:fup@bala, mode:PICK
2026-06-04 22:27:47, MOVE, v:1, k:fup@bala, mode:BACK
2026-06-04 22:27:49, MOVE, v:1, k:fup@bala, mode:PICK
2026-06-04 22:27:54, EXEC, v:1, k:fup@bala, mode:FULL, rate:0
2026-06-04 22:27:53, MOVE, v:1, k:fup@bala, mode:EDIT
2026-06-04 22:31:43, MOVE, v:1, k:fup@bala, mode:EDIT
2026-06-04 22:28:00, MOVE, v:1, k:fup@bala, mode:EDIT
2026-06-04 22:32:52, EXEC, v:1, k:fup@bala, mode:FULL, rate:100, size:9
2026-06-04 22:32:54, MOVE, v:1, k:fup@bala, mode:BACK
2026-06-04 22:33:00, SELF, v:1, k:fup@bala, self:1, rate:100
2026-06-04 22:34:07, MOVE, v:1, k:fup@dindin, mode:PICK
2026-06-04 22:34:09, EXEC, v:1, k:fup@dindin, mode:FULL, rate:0, size:7
2026-06-04 22:34:30, MOVE, v:1, k:fup@dindin, mode:BACK
2026-06-04 22:34:40, MOVE, v:1, k:fup@dieta, mode:PICK
2026-06-04 22:34:43, EXEC, v:1, k:fup@dieta, mode:FULL, rate:100
2026-06-04 22:34:58, MOVE, v:1, k:fup@dieta, mode:BACK
2026-06-04 22:35:01, MOVE, v:1, k:fup@apertada, mode:PICK
2026-06-04 22:35:04, EXEC, v:1, k:fup@apertada, mode:FULL, rate:100, size:16
2026-06-04 22:32:48, MOVE, v:1, k:fup@bala, mode:EDIT
2026-06-04 22:32:51, MOVE, v:1, k:fup@bala, mode:EDIT
2026-06-04 22:34:07, MOVE, v:1, k:fup@dindin, mode:EDIT
2026-06-04 22:34:07, MOVE, v:1, k:fup@dindin, mode:EDIT
2026-06-04 22:34:09, MOVE, v:1, k:fup@dindin, mode:EDIT
2026-06-04 22:34:40, MOVE, v:1, k:fup@dieta, mode:EDIT
2026-06-04 22:34:40, MOVE, v:1, k:fup@dieta, mode:EDIT
2026-06-04 22:34:41, MOVE, v:1, k:fup@dieta, mode:EDIT
2026-06-04 22:34:42, MOVE, v:1, k:fup@dieta, mode:EDIT
2026-06-04 22:35:01, MOVE, v:1, k:fup@apertada, mode:EDIT
2026-06-04 22:35:01, MOVE, v:1, k:fup@apertada, mode:EDIT
2026-06-04 22:35:01, MOVE, v:1, k:fup@apertada, mode:EDIT
2026-06-04 22:35:03, MOVE, v:1, k:fup@apertada, mode:EDIT
2026-06-04 22:47:34, MOVE, v:1, k:fup@apertada, mode:BACK
2026-06-04 22:49:51, MOVE, v:1, k:fup@dindin, mode:PICK
2026-06-04 22:49:54, EXEC, v:1, k:fup@dindin, mode:FULL, rate:0
2026-06-04 22:49:53, MOVE, v:1, k:fup@dindin, mode:EDIT
2026-06-04 22:52:51, MOVE, v:1, k:fup@dindin, mode:BACK
