2026-06-09 16:38:08, MOVE, v:1, k:fup@baruel, mode:DOWN
2026-06-09 16:38:11, MOVE, v:1, k:fup@baruel, mode:PICK
2026-06-09 16:38:14, EXEC, v:1, k:fup@baruel, mode:FULL, rate:0, size:5
2026-06-09 16:38:29, EXEC, v:1, k:fup@baruel, mode:FULL, rate:0
2026-06-09 16:38:08, MOVE, v:1, k:fup@baruel, mode:EDIT
2026-06-09 16:38:08, MOVE, v:1, k:fup@baruel, mode:EDIT
2026-06-09 16:38:08, MOVE, v:1, k:fup@baruel, mode:EDIT
2026-06-09 16:38:08, MOVE, v:1, k:fup@baruel, mode:EDIT
2026-06-09 16:38:29, MOVE, v:1, k:fup@baruel, mode:EDIT
2026-06-09 16:42:48, MOVE, v:1, k:fup@baruel, mode:BACK
2026-06-09 16:42:53, MOVE, v:1, k:fup@dieta, mode:PICK
2026-06-09 16:42:54, EXEC, v:1, k:fup@dieta, mode:FULL, rate:100
2026-06-09 16:45:43, MOVE, v:1, k:fup@dieta, mode:BACK
2026-06-09 16:45:46, MOVE, v:1, k:fup@baruel, mode:PICK
2026-06-09 16:42:54, MOVE, v:1, k:fup@dieta, mode:EDIT
2026-06-09 16:45:34, MOVE, v:1, k:fup@baruel, mode:EDIT
2026-06-09 16:47:08, EXEC, v:1, k:fup@baruel, mode:FULL, size:8, fail:COMP
2026-06-09 16:47:46, EXEC, v:1, k:fup@baruel, mode:FULL, rate:0, size:8
2026-06-09 16:47:45, MOVE, v:1, k:fup@baruel, mode:EDIT
2026-06-09 16:47:46, MOVE, v:1, k:fup@baruel, mode:EDIT
2026-06-09 16:58:44, MOVE, v:1, k:fup@baruel, mode:EDIT
2026-06-09 17:03:51, EXEC, v:1, k:fup@baruel, mode:FULL, rate:0, size:12
2026-06-09 17:05:37, MOVE, v:1, k:fup@baruel, mode:BACK
2026-06-09 17:05:41, MOVE, v:1, k:fup@patas, mode:PICK
2026-06-09 17:05:42, EXEC, v:1, k:fup@patas, mode:FULL, rate:100
2026-06-09 17:03:50, MOVE, v:1, k:fup@baruel, mode:EDIT
2026-06-09 17:03:51, MOVE, v:1, k:fup@baruel, mode:EDIT
2026-06-09 17:05:42, MOVE, v:1, k:fup@patas, mode:EDIT
2026-06-09 17:07:38, MOVE, v:1, k:fup@patas, mode:BACK
2026-06-09 17:07:55, MOVE, v:1, k:fup@baruel, mode:PICK
2026-06-09 17:07:56, EXEC, v:1, k:fup@baruel, mode:FULL, rate:0
2026-06-09 17:07:56, MOVE, v:1, k:fup@baruel, mode:EDIT
2026-06-09 17:11:28, MOVE, v:1, k:fup@baruel, mode:EDIT
2026-06-09 17:15:24, EXEC, v:1, k:fup@baruel, mode:FULL, rate:0, size:23
2026-06-09 17:15:21, MOVE, v:1, k:fup@baruel, mode:EDIT
2026-06-09 17:15:24, MOVE, v:1, k:fup@baruel, mode:EDIT
2026-06-09 17:18:09, EXEC, v:1, k:fup@baruel, mode:FULL, rate:0, size:29
2026-06-09 17:18:22, MOVE, v:1, k:fup@baruel, mode:EDIT
2026-06-09 17:18:09, MOVE, v:1, k:fup@baruel, mode:EDIT
2026-06-09 17:25:02, EXEC, v:1, k:fup@baruel, mode:FULL, rate:100, size:56
2026-06-09 17:24:54, MOVE, v:1, k:fup@baruel, mode:EDIT
2026-06-09 17:25:02, MOVE, v:1, k:fup@baruel, mode:EDIT
2026-06-09 17:27:43, MOVE, v:1, k:fup@baruel, mode:BACK
2026-06-09 17:28:44, SELF, v:1, k:fup@baruel, self:1, rate:100, concept:1, refactor:1
2026-06-09 17:31:23, MOVE, v:1, k:fup@baruel, mode:PICK
2026-06-09 17:31:24, EXEC, v:1, k:fup@baruel, mode:FULL, rate:100
2026-06-09 17:31:24, MOVE, v:1, k:fup@baruel, mode:EDIT
2026-06-09 17:32:00, MOVE, v:1, k:fup@baruel, mode:BACK
2026-06-09 17:37:16, MOVE, v:1, k:fup@troco, mode:DOWN
2026-06-09 17:38:39, MOVE, v:1, k:fup@troco, mode:PICK
2026-06-09 17:38:40, EXEC, v:1, k:fup@troco, mode:FULL, rate:0, size:5
2026-06-09 17:37:16, MOVE, v:1, k:fup@troco, mode:EDIT
2026-06-09 17:37:16, MOVE, v:1, k:fup@troco, mode:EDIT
2026-06-09 17:37:16, MOVE, v:1, k:fup@troco, mode:EDIT
2026-06-09 17:37:16, MOVE, v:1, k:fup@troco, mode:EDIT
2026-06-09 17:38:40, MOVE, v:1, k:fup@troco, mode:EDIT
2026-06-09 17:46:06, MOVE, v:1, k:fup@troco, mode:BACK
2026-06-09 17:48:06, MOVE, v:1, k:fup@botas, mode:PICK
2026-06-09 17:48:08, EXEC, v:1, k:fup@botas, mode:FULL, rate:100
2026-06-09 17:48:08, MOVE, v:1, k:fup@botas, mode:EDIT
2026-06-09 18:04:42, MOVE, v:1, k:fup@botas, mode:BACK
2026-06-09 18:05:35, MOVE, v:1, k:fup@parkour, mode:DOWN
2026-06-09 18:05:37, MOVE, v:1, k:fup@parkour, mode:PICK
2026-06-09 18:05:38, EXEC, v:1, k:fup@parkour, mode:FULL, rate:0, size:5
2026-06-09 18:06:00, MOVE, v:1, k:fup@parkour, mode:BACK
2026-06-09 18:15:47, MOVE, v:1, k:fup@jedi, mode:DOWN
2026-06-09 18:15:48, MOVE, v:1, k:fup@jedi, mode:PICK
2026-06-09 18:15:49, EXEC, v:1, k:fup@jedi, mode:FULL, rate:0, size:5
2026-06-09 18:15:51, MOVE, v:1, k:fup@jedi, mode:BACK
2026-06-09 18:15:47, MOVE, v:1, k:fup@jedi, mode:EDIT
2026-06-09 18:15:47, MOVE, v:1, k:fup@jedi, mode:EDIT
2026-06-09 18:15:47, MOVE, v:1, k:fup@jedi, mode:EDIT
2026-06-09 18:15:49, MOVE, v:1, k:fup@jedi, mode:EDIT
