2026-05-12 16:44:28, MOVE, v:1, k:fup@game10, mode:DOWN
2026-05-12 16:44:30, MOVE, v:1, k:fup@game10, mode:PICK
2026-05-12 16:44:38, MOVE, v:1, k:fup@game10, mode:BACK
2026-05-12 16:44:44, MOVE, v:1, k:fup@concentra, mode:PICK
2026-05-12 16:44:47, EXEC, v:1, k:fup@concentra, mode:FULL, rate:0
2026-05-12 16:45:00, MOVE, v:1, k:fup@concentra, mode:BACK
2026-05-12 16:45:08, MOVE, v:1, k:fup@concentra, mode:PICK
2026-05-12 16:45:10, EXEC, v:1, k:fup@concentra, mode:FULL, rate:0
2026-05-12 16:45:26, MOVE, v:1, k:fup@concentra, mode:BACK
2026-05-12 16:45:52, MOVE, v:1, k:fup@concentra, mode:PICK
2026-05-12 16:45:54, EXEC, v:1, k:fup@concentra, mode:FULL, rate:0
2026-05-12 16:48:15, EXEC, v:1, k:fup@concentra, mode:FULL, rate:0, size:11
2026-05-12 16:48:33, EXEC, v:1, k:fup@concentra, mode:FULL, rate:0, size:11
2026-05-12 16:48:43, EXEC, v:1, k:fup@concentra, mode:FULL, rate:0, size:11
2026-05-12 16:48:52, EXEC, v:1, k:fup@concentra, mode:FULL, rate:40, size:11
2026-05-12 16:49:08, EXEC, v:1, k:fup@concentra, mode:FULL, rate:0, size:11
2026-05-12 16:44:28, MOVE, v:1, k:fup@game10, mode:EDIT
2026-05-12 16:44:28, MOVE, v:1, k:fup@game10, mode:EDIT
2026-05-12 16:49:07, MOVE, v:1, k:fup@concentra, mode:EDIT
2026-05-12 16:49:07, MOVE, v:1, k:fup@concentra, mode:EDIT
2026-05-12 16:49:19, EXEC, v:1, k:fup@concentra, mode:FULL, rate:40, size:11
2026-05-12 16:49:28, EXEC, v:1, k:fup@concentra, mode:FULL, rate:40, size:11
2026-05-12 16:49:44, EXEC, v:1, k:fup@concentra, mode:FULL, rate:40, size:11
2026-05-12 16:50:11, EXEC, v:1, k:fup@concentra, mode:FULL, rate:40, size:11
2026-05-12 16:50:45, EXEC, v:1, k:fup@concentra, mode:FULL, rate:40, size:11
2026-05-12 16:50:43, MOVE, v:1, k:fup@concentra, mode:EDIT
2026-05-12 16:50:45, MOVE, v:1, k:fup@concentra, mode:EDIT
2026-05-12 16:54:35, EXEC, v:1, k:fup@concentra, mode:FULL, rate:100, size:11
2026-05-12 16:58:35, MOVE, v:1, k:fup@concentra, mode:BACK
2026-05-12 16:58:43, SELF, v:1, k:fup@concentra, self:1, rate:100, concept:1
2026-05-12 16:58:53, MOVE, v:1, k:fup@game10, mode:PICK
2026-05-12 16:58:53, EXEC, v:1, k:fup@game10, mode:FULL, rate:0, size:5
2026-05-12 16:54:34, MOVE, v:1, k:fup@concentra, mode:EDIT
2026-05-12 16:54:35, MOVE, v:1, k:fup@concentra, mode:EDIT
2026-05-12 16:58:53, MOVE, v:1, k:fup@game10, mode:EDIT
2026-05-12 17:03:54, MOVE, v:1, k:fup@game10, mode:BACK
2026-05-12 17:46:22, MOVE, v:1, k:fup@game10, mode:PICK
2026-05-12 17:46:23, EXEC, v:1, k:fup@game10, mode:FULL, rate:0
2026-05-12 17:46:22, MOVE, v:1, k:fup@game10, mode:EDIT
2026-05-12 18:00:35, MOVE, v:1, k:fup@game10, mode:BACK
2026-05-12 18:00:46, MOVE, v:1, k:fup@fuga, mode:DOWN
2026-05-12 18:00:47, MOVE, v:1, k:fup@fuga, mode:PICK
2026-05-12 18:00:50, EXEC, v:1, k:fup@fuga, mode:FULL, rate:0, size:5
2026-05-12 18:00:46, MOVE, v:1, k:fup@fuga, mode:EDIT
2026-05-12 18:00:46, MOVE, v:1, k:fup@fuga, mode:EDIT
2026-05-12 18:00:50, MOVE, v:1, k:fup@fuga, mode:EDIT
2026-05-12 18:00:53, MOVE, v:1, k:fup@game10, mode:EDIT
2026-05-12 18:01:22, MOVE, v:1, k:fup@fuga, mode:BACK
