2026-05-05 16:35:37, MOVE, v:1, k:fup@final, mode:PICK
2026-05-05 16:35:49, EXEC, v:1, k:fup@final, mode:FULL, rate:100
2026-05-05 16:37:55, MOVE, v:1, k:fup@final, mode:BACK
2026-05-05 16:38:34, MOVE, v:1, k:fup@sapatos, mode:PICK
2026-05-05 16:38:35, EXEC, v:1, k:fup@sapatos, mode:FULL, rate:57, size:16
2026-05-05 16:35:49, MOVE, v:1, k:fup@final, mode:EDIT
2026-05-05 16:38:35, MOVE, v:1, k:fup@sapatos, mode:EDIT
2026-05-05 16:43:58, EXEC, v:1, k:fup@sapatos, mode:FULL, rate:57, size:17
2026-05-05 16:44:35, MOVE, v:1, k:fup@sapatos, mode:BACK
2026-05-05 16:44:48, MOVE, v:1, k:fup@goiabas, mode:PICK
2026-05-05 16:44:49, MOVE, v:1, k:fup@goiabas, mode:BACK
2026-05-05 16:44:53, MOVE, v:1, k:fup@sapatos, mode:PICK
2026-05-05 16:44:54, EXEC, v:1, k:fup@sapatos, mode:FULL, size:18, fail:COMP
2026-05-05 16:45:05, MOVE, v:1, k:fup@sapatos, mode:EDIT
2026-05-05 16:43:58, MOVE, v:1, k:fup@sapatos, mode:EDIT
2026-05-05 16:45:09, EXEC, v:1, k:fup@sapatos, mode:FULL, rate:57, size:20
2026-05-05 16:47:19, EXEC, v:1, k:fup@sapatos, mode:FULL, rate:57, size:24
2026-05-05 16:47:32, EXEC, v:1, k:fup@sapatos, mode:FULL, rate:57, size:18
2026-05-05 16:48:28, EXEC, v:1, k:fup@sapatos, mode:FULL, rate:28, size:16
2026-05-05 16:48:44, EXEC, v:1, k:fup@sapatos, mode:FULL, size:16, fail:COMP
2026-05-05 16:48:50, EXEC, v:1, k:fup@sapatos, mode:FULL, rate:28, size:16
2026-05-05 16:48:55, MOVE, v:1, k:fup@sapatos, mode:BACK
2026-05-05 16:49:00, MOVE, v:1, k:fup@goiabas, mode:PICK
2026-05-05 16:50:03, MOVE, v:1, k:fup@goiabas, mode:BACK
2026-05-05 16:48:49, MOVE, v:1, k:fup@sapatos, mode:EDIT
2026-05-05 16:48:50, MOVE, v:1, k:fup@sapatos, mode:EDIT
2026-05-05 16:50:52, MOVE, v:1, k:fup@goiabas, mode:PICK
2026-05-05 16:51:35, EXEC, v:1, k:fup@goiabas, mode:FULL, rate:100
2026-05-05 16:51:41, MOVE, v:1, k:fup@goiabas, mode:BACK
2026-05-05 16:51:44, MOVE, v:1, k:fup@sapatos, mode:PICK
2026-05-05 16:51:45, EXEC, v:1, k:fup@sapatos, mode:FULL, rate:57, size:16
2026-05-05 16:52:44, EXEC, v:1, k:fup@sapatos, mode:FULL, rate:28, size:20
2026-05-05 16:53:02, EXEC, v:1, k:fup@sapatos, mode:FULL, rate:57, size:19
2026-05-05 16:55:07, MOVE, v:1, k:fup@sapatos, mode:EDIT
2026-05-05 16:51:35, MOVE, v:1, k:fup@goiabas, mode:EDIT
2026-05-05 16:53:02, MOVE, v:1, k:fup@sapatos, mode:EDIT
2026-05-05 16:55:08, EXEC, v:1, k:fup@sapatos, mode:FULL, rate:57, size:22
2026-05-05 16:56:26, EXEC, v:1, k:fup@sapatos, mode:FULL, rate:57, size:17
2026-05-05 16:56:26, MOVE, v:1, k:fup@sapatos, mode:EDIT
2026-05-05 16:56:25, MOVE, v:1, k:fup@sapatos, mode:EDIT
2026-05-05 17:01:07, EXEC, v:1, k:fup@sapatos, mode:FULL, rate:100, size:17
2026-05-05 17:01:06, MOVE, v:1, k:fup@sapatos, mode:EDIT
2026-05-05 17:01:07, MOVE, v:1, k:fup@sapatos, mode:EDIT
2026-05-05 17:05:45, MOVE, v:1, k:fup@sapatos, mode:BACK
2026-05-05 17:05:55, SELF, v:1, k:fup@sapatos, self:1, rate:100, concept:1, refactor:1
2026-05-05 17:06:02, MOVE, v:1, k:fup@filhos, mode:DOWN
2026-05-05 17:06:04, MOVE, v:1, k:fup@filhos, mode:PICK
2026-05-05 17:06:05, EXEC, v:1, k:fup@filhos, mode:FULL, rate:0, size:5
2026-05-05 17:09:47, EXEC, v:1, k:fup@filhos, mode:FULL, rate:0, size:9
2026-05-05 17:06:02, MOVE, v:1, k:fup@filhos, mode:EDIT
2026-05-05 17:06:02, MOVE, v:1, k:fup@filhos, mode:EDIT
2026-05-05 17:09:44, MOVE, v:1, k:fup@filhos, mode:EDIT
2026-05-05 17:09:45, MOVE, v:1, k:fup@filhos, mode:EDIT
2026-05-05 17:10:18, EXEC, v:1, k:fup@filhos, mode:FULL, rate:0, size:9
2026-05-05 17:10:37, EXEC, v:1, k:fup@filhos, mode:FULL, rate:0, size:9
2026-05-05 17:14:50, EXEC, v:1, k:fup@filhos, mode:FULL, rate:0, size:9
2026-05-05 17:14:49, MOVE, v:1, k:fup@filhos, mode:EDIT
2026-05-05 17:14:50, MOVE, v:1, k:fup@filhos, mode:EDIT
2026-05-05 17:17:13, EXEC, v:1, k:fup@filhos, mode:FULL, rate:0, size:9
2026-05-05 17:17:19, EXEC, v:1, k:fup@filhos, mode:FULL, rate:0, size:9
2026-05-05 17:18:22, EXEC, v:1, k:fup@filhos, mode:FULL, rate:0, size:10
2026-05-05 17:18:31, EXEC, v:1, k:fup@filhos, mode:FULL, rate:0, size:10
2026-05-05 17:18:42, MOVE, v:1, k:fup@filhos, mode:BACK
2026-05-05 17:20:01, MOVE, v:1, k:fup@filhos, mode:PICK
2026-05-05 17:20:01, EXEC, v:1, k:fup@filhos, mode:FULL, rate:0
2026-05-05 17:21:58, EXEC, v:1, k:fup@filhos, mode:FULL, rate:0, size:10
2026-05-05 17:22:10, EXEC, v:1, k:fup@filhos, mode:FULL, rate:0, size:10
2026-05-05 17:22:41, MOVE, v:1, k:fup@filhos, mode:BACK
2026-05-05 17:23:42, MOVE, v:1, k:fup@filhos, mode:PICK
2026-05-05 17:23:45, EXEC, v:1, k:fup@filhos, mode:FULL, rate:0, size:10
2026-05-05 17:23:54, EXEC, v:1, k:fup@filhos, mode:FULL, rate:0, size:10
2026-05-05 17:23:54, MOVE, v:1, k:fup@filhos, mode:EDIT
2026-05-05 17:23:52, MOVE, v:1, k:fup@filhos, mode:EDIT
2026-05-05 17:24:48, EXEC, v:1, k:fup@filhos, mode:FULL, rate:0, size:11
2026-05-05 17:24:55, EXEC, v:1, k:fup@filhos, mode:FULL, rate:0, size:10
2026-05-05 17:24:55, MOVE, v:1, k:fup@filhos, mode:EDIT
2026-05-05 17:24:55, MOVE, v:1, k:fup@filhos, mode:EDIT
2026-05-05 17:30:23, EXEC, v:1, k:fup@filhos, mode:FULL, rate:0, size:10
2026-05-05 17:30:22, MOVE, v:1, k:fup@filhos, mode:EDIT
2026-05-05 17:30:23, MOVE, v:1, k:fup@filhos, mode:EDIT
2026-05-05 17:36:24, EXEC, v:1, k:fup@filhos, mode:FULL, rate:100, size:11
2026-05-05 17:38:14, MOVE, v:1, k:fup@filhos, mode:EDIT
2026-05-05 17:36:24, MOVE, v:1, k:fup@filhos, mode:EDIT
2026-05-05 17:41:00, EXEC, v:1, k:fup@filhos, mode:FULL, rate:100, size:10
2026-05-05 17:43:36, MOVE, v:1, k:fup@filhos, mode:BACK
2026-05-05 17:43:44, SELF, v:1, k:fup@filhos, self:1, rate:100, concept:1, refactor:1
2026-05-05 17:43:48, MOVE, v:1, k:fup@ceu, mode:DOWN
2026-05-05 17:43:49, MOVE, v:1, k:fup@ceu, mode:PICK
2026-05-05 17:43:50, EXEC, v:1, k:fup@ceu, mode:FULL, rate:0, size:5
2026-05-05 17:40:59, MOVE, v:1, k:fup@filhos, mode:EDIT
2026-05-05 17:41:00, MOVE, v:1, k:fup@filhos, mode:EDIT
2026-05-05 17:43:48, MOVE, v:1, k:fup@ceu, mode:EDIT
2026-05-05 17:43:48, MOVE, v:1, k:fup@ceu, mode:EDIT
2026-05-05 17:43:48, MOVE, v:1, k:fup@ceu, mode:EDIT
2026-05-05 17:43:50, MOVE, v:1, k:fup@ceu, mode:EDIT
2026-05-05 17:54:35, MOVE, v:1, k:fup@ceu, mode:BACK
2026-05-05 17:55:57, MOVE, v:1, k:fup@ceu, mode:PICK
2026-05-05 17:55:58, EXEC, v:1, k:fup@ceu, mode:FULL, rate:0
2026-05-05 17:59:12, EXEC, v:1, k:fup@ceu, mode:FULL, rate:0, size:9
2026-05-05 17:59:12, MOVE, v:1, k:fup@ceu, mode:EDIT
2026-05-05 17:59:11, MOVE, v:1, k:fup@ceu, mode:EDIT
2026-05-05 17:59:43, EXEC, v:1, k:fup@ceu, mode:FULL, rate:0, size:9
2026-05-05 18:00:12, EXEC, v:1, k:fup@ceu, mode:FULL, rate:0, size:9
2026-05-05 18:00:26, EXEC, v:1, k:fup@ceu, mode:FULL, rate:0, size:9
2026-05-05 18:00:47, EXEC, v:1, k:fup@ceu, mode:FULL, rate:0, size:9
2026-05-05 18:01:00, EXEC, v:1, k:fup@ceu, mode:FULL, rate:0, size:9
2026-05-05 18:01:07, EXEC, v:1, k:fup@ceu, mode:FULL, rate:0, size:9
2026-05-05 18:03:27, EXEC, v:1, k:fup@ceu, mode:FULL, rate:0, size:10
2026-05-05 18:03:26, MOVE, v:1, k:fup@ceu, mode:EDIT
2026-05-05 18:03:27, MOVE, v:1, k:fup@ceu, mode:EDIT
2026-05-05 18:07:29, EXEC, v:1, k:fup@ceu, mode:FULL, rate:0, size:12
2026-05-05 18:07:51, EXEC, v:1, k:fup@ceu, mode:FULL, rate:0, size:12
2026-05-05 18:07:48, MOVE, v:1, k:fup@ceu, mode:EDIT
2026-05-05 18:07:51, MOVE, v:1, k:fup@ceu, mode:EDIT
2026-05-05 18:11:09, EXEC, v:1, k:fup@ceu, mode:FULL, rate:20, size:11
2026-05-05 18:12:15, EXEC, v:1, k:fup@ceu, mode:FULL, rate:0, size:12
2026-05-05 18:11:30, MOVE, v:1, k:fup@ceu, mode:EDIT
2026-05-05 18:12:15, MOVE, v:1, k:fup@ceu, mode:EDIT
2026-05-05 18:16:06, EXEC, v:1, k:fup@ceu, mode:FULL, size:14, fail:COMP
2026-05-05 18:18:31, EXEC, v:1, k:fup@ceu, mode:FULL, rate:0, size:14
2026-05-05 18:19:13, EXEC, v:1, k:fup@ceu, mode:FULL, rate:0, size:14
2026-05-05 18:19:13, MOVE, v:1, k:fup@ceu, mode:EDIT
2026-05-05 18:19:13, MOVE, v:1, k:fup@ceu, mode:EDIT
2026-05-05 18:22:48, EXEC, v:1, k:fup@ceu, mode:FULL, rate:0, size:14
2026-05-05 18:23:04, EXEC, v:1, k:fup@ceu, mode:FULL, rate:0, size:15
2026-05-05 18:24:06, EXEC, v:1, k:fup@ceu, mode:FULL, size:18, fail:COMP
2026-05-05 18:24:12, EXEC, v:1, k:fup@ceu, mode:FULL, fail:COMP
2026-05-05 18:24:15, EXEC, v:1, k:fup@ceu, mode:FULL, rate:20, size:18
2026-05-05 18:24:28, MOVE, v:1, k:fup@ceu, mode:EDIT
2026-05-05 18:24:15, MOVE, v:1, k:fup@ceu, mode:EDIT
2026-05-05 18:25:40, MOVE, v:1, k:fup@ceu, mode:BACK
