2026-04-07 00:01:20, EXEC, v:1, k:fup@round, mode:FULL, rate:100, size:37
2026-04-07 00:05:28, EXEC, v:1, k:fup@round, mode:FULL, rate:100, size:38
2026-04-07 00:05:46, MOVE, v:1, k:fup@round, mode:BACK
2026-04-07 00:06:14, SELF, v:1, k:fup@round, self:1, rate:100
2026-04-07 16:47:20, MOVE, v:1, k:fup@mumia, mode:PICK
2026-04-07 16:48:15, MOVE, v:1, k:fup@mumia, mode:PICK
2026-04-07 16:48:17, EXEC, v:1, k:fup@mumia, mode:FULL, rate:0
2026-04-07 16:48:17, MOVE, v:1, k:fup@mumia, mode:EDIT
2026-04-07 16:52:07, MOVE, v:1, k:fup@mumia, mode:EDIT
2026-04-07 17:03:06, MOVE, v:1, k:fup@mumia, mode:EDIT
2026-04-07 17:04:19, EXEC, v:1, k:fup@mumia, mode:FULL, rate:55, size:18
2026-04-07 17:04:42, EXEC, v:1, k:fup@mumia, mode:FULL, rate:100, size:18
2026-04-07 17:04:54, MOVE, v:1, k:fup@mumia, mode:BACK
2026-04-07 17:07:18, SELF, v:1, k:fup@mumia, self:1, rate:100, study:20, refactor:1
2026-04-07 17:08:00, MOVE, v:1, k:fup@meio, mode:DOWN
2026-04-07 17:08:01, MOVE, v:1, k:fup@meio, mode:PICK
2026-04-07 17:04:41, MOVE, v:1, k:fup@mumia, mode:EDIT
2026-04-07 17:04:42, MOVE, v:1, k:fup@mumia, mode:EDIT
2026-04-07 17:08:00, MOVE, v:1, k:fup@meio, mode:EDIT
2026-04-07 17:08:00, MOVE, v:1, k:fup@meio, mode:EDIT
2026-04-07 17:08:17, EXEC, v:1, k:fup@meio, mode:FULL, rate:0, size:5
2026-04-07 17:08:17, MOVE, v:1, k:fup@meio, mode:EDIT
2026-04-07 17:16:02, MOVE, v:1, k:fup@meio, mode:BACK
2026-04-07 17:19:17, MOVE, v:1, k:fup@meio, mode:PICK
2026-04-07 17:23:29, MOVE, v:1, k:fup@meio, mode:BACK
