2026-05-10 15:41:04, MOVE, v:1, k:fup@ceu, mode:PICK
2026-05-10 15:41:57, MOVE, v:1, k:fup@ceu, mode:PICK
2026-05-10 15:42:09, EXEC, v:1, k:fup@ceu, mode:FULL, rate:20, size:18
2026-05-10 15:42:00, MOVE, v:1, k:fup@ceu, mode:EDIT
2026-05-10 15:42:01, MOVE, v:1, k:fup@ceu, mode:EDIT
2026-05-10 15:42:07, MOVE, v:1, k:fup@ceu, mode:EDIT
2026-05-10 15:48:01, EXEC, v:1, k:fup@ceu, mode:FULL, rate:20, size:23
2026-05-10 15:51:49, MOVE, v:1, k:fup@ceu, mode:EDIT
2026-05-10 15:48:00, MOVE, v:1, k:fup@ceu, mode:EDIT
2026-05-10 15:52:05, EXEC, v:1, k:fup@ceu, mode:FULL, rate:20, size:24
2026-05-10 15:52:19, EXEC, v:1, k:fup@ceu, mode:FULL, rate:20, size:24
2026-05-10 15:52:45, EXEC, v:1, k:fup@ceu, mode:FULL, rate:20, size:25
2026-05-10 15:53:03, EXEC, v:1, k:fup@ceu, mode:FULL, rate:80, size:25
2026-05-10 15:53:13, EXEC, v:1, k:fup@ceu, mode:FULL, rate:20, size:25
2026-05-10 15:53:26, EXEC, v:1, k:fup@ceu, mode:FULL, rate:100, size:25
2026-05-10 15:54:02, MOVE, v:1, k:fup@ceu, mode:BACK
2026-05-10 15:54:09, SELF, v:1, k:fup@ceu, self:1, rate:100, concept:1, refactor:1
2026-05-10 15:54:30, MOVE, v:1, k:fup@esconde, mode:DOWN
2026-05-10 15:54:31, MOVE, v:1, k:fup@esconde, mode:PICK
2026-05-10 15:54:34, EXEC, v:1, k:fup@esconde, mode:FULL, rate:0, size:5
2026-05-10 15:53:24, MOVE, v:1, k:fup@ceu, mode:EDIT
2026-05-10 15:53:25, MOVE, v:1, k:fup@ceu, mode:EDIT
2026-05-10 15:54:39, MOVE, v:1, k:fup@esconde, mode:EDIT
2026-05-10 15:54:30, MOVE, v:1, k:fup@esconde, mode:EDIT
2026-05-10 15:56:14, MOVE, v:1, k:fup@esconde, mode:EDIT
2026-05-10 15:54:33, MOVE, v:1, k:fup@esconde, mode:EDIT
2026-05-10 16:09:37, EXEC, v:1, k:fup@esconde, mode:FULL, rate:0, size:9
2026-05-10 16:10:20, EXEC, v:1, k:fup@esconde, mode:FULL, rate:0, size:9
2026-05-10 16:11:15, EXEC, v:1, k:fup@esconde, mode:FULL, rate:0, size:12
2026-05-10 16:11:30, EXEC, v:1, k:fup@esconde, mode:FULL, rate:0, size:12
2026-05-10 16:11:37, MOVE, v:1, k:fup@esconde, mode:BACK
2026-05-10 16:11:42, MOVE, v:1, k:fup@esconde, mode:PICK
2026-05-10 16:11:44, EXEC, v:1, k:fup@esconde, mode:FULL, rate:0
2026-05-10 16:11:27, MOVE, v:1, k:fup@esconde, mode:EDIT
2026-05-10 16:11:43, MOVE, v:1, k:fup@esconde, mode:EDIT
2026-05-10 16:12:39, EXEC, v:1, k:fup@esconde, mode:FULL, rate:0, size:12
2026-05-10 16:12:46, EXEC, v:1, k:fup@esconde, mode:FULL, rate:0
2026-05-10 16:13:01, EXEC, v:1, k:fup@esconde, mode:FULL, rate:0, size:10
2026-05-10 16:14:02, MOVE, v:1, k:fup@esconde, mode:PICK
2026-05-10 16:14:04, EXEC, v:1, k:fup@esconde, mode:FULL, rate:0, size:12
2026-05-10 16:14:29, EXEC, v:1, k:fup@esconde, mode:FULL, rate:0, size:12
2026-05-10 16:15:30, EXEC, v:1, k:fup@esconde, mode:FULL, rate:0, size:12
2026-05-10 16:15:57, EXEC, v:1, k:fup@esconde, mode:FULL, rate:0, size:12
2026-05-10 16:17:35, EXEC, v:1, k:fup@esconde, mode:FULL, rate:0, size:14
2026-05-10 16:17:50, EXEC, v:1, k:fup@esconde, mode:FREE
2026-05-10 16:18:16, EXEC, v:1, k:fup@esconde, mode:FREE, size:12
2026-05-10 16:18:28, MOVE, v:1, k:fup@esconde, mode:BACK
2026-05-10 16:19:14, MOVE, v:1, k:fup@esconde, mode:PICK
2026-05-10 16:19:16, EXEC, v:1, k:fup@esconde, mode:FULL, rate:0, size:14
2026-05-10 16:19:18, EXEC, v:1, k:fup@esconde, mode:FULL, rate:0
2026-05-10 16:19:19, EXEC, v:1, k:fup@esconde, mode:FULL, rate:0
2026-05-10 16:21:18, EXEC, v:1, k:fup@esconde, mode:FULL, rate:0, size:14
2026-05-10 16:21:40, EXEC, v:1, k:fup@esconde, mode:FULL, rate:0, size:14
2026-05-10 16:21:50, EXEC, v:1, k:fup@esconde, mode:FULL, rate:0, size:14
2026-05-10 16:23:03, EXEC, v:1, k:fup@esconde, mode:FULL, rate:0, size:14
2026-05-10 16:23:53, EXEC, v:1, k:fup@esconde, mode:FULL, rate:100, size:14
2026-05-10 16:24:08, MOVE, v:1, k:fup@esconde, mode:BACK
2026-05-10 16:23:52, MOVE, v:1, k:fup@esconde, mode:EDIT
2026-05-10 16:23:50, MOVE, v:1, k:fup@esconde, mode:EDIT
2026-05-10 16:24:17, SELF, v:1, k:fup@esconde, self:1, rate:100, concept:1, refactor:1
2026-05-10 16:29:06, MOVE, v:1, k:fup@zigzag, mode:DOWN
2026-05-10 16:29:08, MOVE, v:1, k:fup@zigzag, mode:PICK
2026-05-10 16:29:06, MOVE, v:1, k:fup@zigzag, mode:EDIT
2026-05-10 16:29:06, MOVE, v:1, k:fup@zigzag, mode:EDIT
2026-05-10 16:29:06, MOVE, v:1, k:fup@zigzag, mode:EDIT
2026-05-10 16:29:21, EXEC, v:1, k:fup@zigzag, mode:FULL, rate:0, size:5
2026-05-10 16:29:20, MOVE, v:1, k:fup@zigzag, mode:EDIT
2026-05-10 16:34:05, MOVE, v:1, k:fup@zigzag, mode:EDIT
2026-05-10 16:29:35, MOVE, v:1, k:fup@zigzag, mode:EDIT
2026-05-10 16:34:27, EXEC, v:1, k:fup@zigzag, mode:FULL, rate:0, size:9
2026-05-10 16:34:44, EXEC, v:1, k:fup@zigzag, mode:FULL, rate:0, size:9
2026-05-10 16:35:32, MOVE, v:1, k:fup@zigzag, mode:EDIT
2026-05-10 16:34:44, MOVE, v:1, k:fup@zigzag, mode:EDIT
2026-05-10 16:39:06, MOVE, v:1, k:fup@ceu, mode:EDIT
2026-05-10 16:39:06, MOVE, v:1, k:fup@filhos, mode:EDIT
2026-05-10 16:39:06, MOVE, v:1, k:fup@filhos, mode:EDIT
2026-05-10 16:39:06, MOVE, v:1, k:fup@filhos, mode:EDIT
2026-05-10 16:39:06, MOVE, v:1, k:fup@pares, mode:EDIT
2026-05-10 16:39:06, MOVE, v:1, k:fup@sapatos, mode:EDIT
2026-05-10 16:39:06, MOVE, v:1, k:fup@sapatos, mode:EDIT
2026-05-10 16:39:06, MOVE, v:1, k:fup@sapatos, mode:EDIT
2026-05-10 16:39:06, MOVE, v:1, k:fup@xuxa, mode:EDIT
2026-05-10 16:39:06, MOVE, v:1, k:fup@xuxa, mode:EDIT
2026-05-10 16:39:06, MOVE, v:1, k:fup@xuxa, mode:EDIT
2026-05-10 16:39:06, MOVE, v:1, k:sandbox@user_002, mode:EDIT
2026-05-10 16:39:06, MOVE, v:1, k:sandbox@user_002, mode:EDIT
2026-05-10 16:39:30, MOVE, v:1, k:fup@zigzag, mode:BACK
2026-05-10 16:39:36, MOVE, v:1, k:fup@ceu, mode:PICK
2026-05-10 16:39:55, MOVE, v:1, k:fup@ceu, mode:BACK
2026-05-10 16:39:59, MOVE, v:1, k:fup@zigzag, mode:PICK
2026-05-10 16:40:00, EXEC, v:1, k:fup@zigzag, mode:FULL, size:15, fail:COMP
2026-05-10 16:40:56, EXEC, v:1, k:fup@zigzag, mode:FULL, rate:0, size:17
2026-05-10 16:42:05, EXEC, v:1, k:fup@zigzag, mode:FULL, rate:0, size:20
2026-05-10 16:44:13, MOVE, v:1, k:fup@zigzag, mode:EDIT
2026-05-10 16:42:04, MOVE, v:1, k:fup@zigzag, mode:EDIT
2026-05-10 16:42:01, MOVE, v:1, k:fup@ceu, mode:EDIT
2026-05-10 16:44:37, EXEC, v:1, k:fup@zigzag, mode:FULL, size:21, fail:COMP
2026-05-10 16:45:01, EXEC, v:1, k:fup@zigzag, mode:FULL, rate:0, size:23
2026-05-10 16:44:59, MOVE, v:1, k:fup@zigzag, mode:EDIT
2026-05-10 16:45:01, MOVE, v:1, k:fup@zigzag, mode:EDIT
2026-05-10 16:54:12, MOVE, v:1, k:fup@zigzag, mode:EDIT
2026-05-10 16:54:54, EXEC, v:1, k:fup@zigzag, mode:FULL, rate:0, size:26
2026-05-10 16:55:21, EXEC, v:1, k:fup@zigzag, mode:FULL, rate:0, size:28
2026-05-10 16:56:32, EXEC, v:1, k:fup@zigzag, mode:FULL, rate:0, size:31
2026-05-10 16:56:29, MOVE, v:1, k:fup@zigzag, mode:EDIT
2026-05-10 16:56:31, MOVE, v:1, k:fup@zigzag, mode:EDIT
2026-05-10 17:01:13, EXEC, v:1, k:fup@zigzag, mode:FULL, rate:0, size:28
2026-05-10 17:01:10, MOVE, v:1, k:fup@zigzag, mode:EDIT
2026-05-10 17:01:12, MOVE, v:1, k:fup@zigzag, mode:EDIT
2026-05-10 17:05:28, EXEC, v:1, k:fup@zigzag, mode:FULL, rate:0, size:28
2026-05-10 17:06:59, EXEC, v:1, k:fup@zigzag, mode:FULL, rate:0, size:28
2026-05-10 17:08:27, EXEC, v:1, k:fup@zigzag, mode:FULL, rate:100, size:28
2026-05-10 17:08:50, EXEC, v:1, k:fup@zigzag, mode:FULL, rate:100, size:24
2026-05-10 17:08:48, MOVE, v:1, k:fup@zigzag, mode:EDIT
2026-05-10 17:08:50, MOVE, v:1, k:fup@zigzag, mode:EDIT
2026-05-10 17:09:28, EXEC, v:1, k:fup@zigzag, mode:FULL, rate:100, size:28
2026-05-10 17:09:32, MOVE, v:1, k:fup@zigzag, mode:BACK
2026-05-10 17:09:39, SELF, v:1, k:fup@zigzag, self:1, rate:100, concept:1, refactor:1
2026-05-10 17:09:54, MOVE, v:1, k:fup@ceu, mode:PICK
2026-05-10 17:09:57, EXEC, v:1, k:fup@ceu, mode:FULL, rate:100
2026-05-10 17:09:24, MOVE, v:1, k:fup@zigzag, mode:EDIT
2026-05-10 17:09:28, MOVE, v:1, k:fup@zigzag, mode:EDIT
2026-05-10 17:09:56, MOVE, v:1, k:fup@ceu, mode:EDIT
2026-05-10 17:09:57, MOVE, v:1, k:fup@ceu, mode:EDIT
2026-05-10 17:15:05, MOVE, v:1, k:fup@ceu, mode:BACK
2026-05-10 17:15:13, MOVE, v:1, k:fup@colorido, mode:DOWN
2026-05-10 17:15:14, MOVE, v:1, k:fup@colorido, mode:PICK
2026-05-10 17:17:08, EXEC, v:1, k:fup@colorido, mode:FULL, rate:0, size:5
2026-05-10 17:18:31, MOVE, v:1, k:fup@colorido, mode:BACK
2026-05-10 17:15:16, MOVE, v:1, k:fup@colorido, mode:EDIT
2026-05-10 17:15:13, MOVE, v:1, k:fup@colorido, mode:EDIT
2026-05-10 17:15:17, MOVE, v:1, k:fup@colorido, mode:EDIT
2026-05-10 17:17:08, MOVE, v:1, k:fup@colorido, mode:EDIT
2026-05-10 17:19:38, MOVE, v:1, k:fup@colorido, mode:PICK
2026-05-10 17:19:40, EXEC, v:1, k:fup@colorido, mode:FULL, rate:0
2026-05-10 17:19:40, MOVE, v:1, k:fup@colorido, mode:EDIT
2026-05-10 17:24:15, MOVE, v:1, k:fup@colorido, mode:EDIT
2026-05-10 17:24:32, EXEC, v:1, k:fup@colorido, mode:FULL, rate:0, size:15
2026-05-10 17:24:52, EXEC, v:1, k:fup@colorido, mode:FULL, rate:0, size:16
2026-05-10 17:25:15, EXEC, v:1, k:fup@colorido, mode:FULL, rate:0, size:17
2026-05-10 17:25:28, EXEC, v:1, k:fup@colorido, mode:FULL, rate:0, size:17
2026-05-10 17:25:47, EXEC, v:1, k:fup@colorido, mode:FULL, rate:0, size:18
2026-05-10 17:26:15, EXEC, v:1, k:fup@colorido, mode:FULL, rate:0, size:18
2026-05-10 17:29:01, MOVE, v:1, k:fup@colorido, mode:EDIT
2026-05-10 17:26:14, MOVE, v:1, k:fup@colorido, mode:EDIT
2026-05-10 17:31:20, EXEC, v:1, k:fup@colorido, mode:FULL, rate:0, size:23
2026-05-10 17:31:46, EXEC, v:1, k:fup@colorido, mode:FULL, size:23, fail:COMP
2026-05-10 17:32:00, EXEC, v:1, k:fup@colorido, mode:FULL, rate:0, size:23
2026-05-10 17:33:00, EXEC, v:1, k:fup@colorido, mode:FULL, rate:0, size:24
2026-05-10 17:33:25, EXEC, v:1, k:fup@colorido, mode:FULL, rate:0, size:24
2026-05-10 17:33:54, EXEC, v:1, k:fup@colorido, mode:FULL, rate:0, size:24
2026-05-10 17:34:10, EXEC, v:1, k:fup@colorido, mode:FULL, rate:0, size:24
2026-05-10 17:34:07, MOVE, v:1, k:fup@colorido, mode:EDIT
2026-05-10 17:34:09, MOVE, v:1, k:fup@colorido, mode:EDIT
2026-05-10 17:34:27, EXEC, v:1, k:fup@colorido, mode:FULL, rate:0, size:24
2026-05-10 17:35:02, EXEC, v:1, k:fup@colorido, mode:FULL, rate:0, size:24
2026-05-10 17:35:43, EXEC, v:1, k:fup@colorido, mode:FULL, rate:0, size:24
2026-05-10 17:36:39, EXEC, v:1, k:fup@colorido, mode:FULL, rate:0, size:24
2026-05-10 17:36:46, EXEC, v:1, k:fup@colorido, mode:FULL, rate:0, size:24
2026-05-10 17:36:44, MOVE, v:1, k:fup@colorido, mode:EDIT
2026-05-10 17:36:46, MOVE, v:1, k:fup@colorido, mode:EDIT
2026-05-10 17:41:25, EXEC, v:1, k:fup@colorido, mode:FULL, rate:0, size:20
2026-05-10 17:39:18, MOVE, v:1, k:fup@ceu, mode:EDIT
2026-05-10 17:39:18, MOVE, v:1, k:fup@filhos, mode:EDIT
2026-05-10 17:39:18, MOVE, v:1, k:fup@filhos, mode:EDIT
2026-05-10 17:39:18, MOVE, v:1, k:fup@filhos, mode:EDIT
2026-05-10 17:39:18, MOVE, v:1, k:fup@pares, mode:EDIT
2026-05-10 17:39:18, MOVE, v:1, k:fup@sapatos, mode:EDIT
2026-05-10 17:39:18, MOVE, v:1, k:fup@sapatos, mode:EDIT
2026-05-10 17:39:18, MOVE, v:1, k:fup@sapatos, mode:EDIT
2026-05-10 17:39:18, MOVE, v:1, k:fup@xuxa, mode:EDIT
2026-05-10 17:39:18, MOVE, v:1, k:fup@xuxa, mode:EDIT
2026-05-10 17:39:18, MOVE, v:1, k:fup@xuxa, mode:EDIT
2026-05-10 17:39:18, MOVE, v:1, k:sandbox@user_002, mode:EDIT
2026-05-10 17:39:18, MOVE, v:1, k:sandbox@user_002, mode:EDIT
2026-05-10 17:44:16, MOVE, v:1, k:fup@colorido, mode:EDIT
2026-05-10 17:41:24, MOVE, v:1, k:fup@colorido, mode:EDIT
2026-05-10 17:43:57, MOVE, v:1, k:fup@ceu, mode:EDIT
2026-05-10 17:47:38, EXEC, v:1, k:fup@colorido, mode:FULL, rate:0, size:26
2026-05-10 17:49:15, MOVE, v:1, k:fup@colorido, mode:EDIT
2026-05-10 17:47:37, MOVE, v:1, k:fup@colorido, mode:EDIT
2026-05-10 17:50:04, EXEC, v:1, k:fup@colorido, mode:FULL, rate:16, size:32
2026-05-10 17:50:52, EXEC, v:1, k:fup@colorido, mode:FULL, rate:16, size:32
2026-05-10 17:53:20, EXEC, v:1, k:fup@colorido, mode:FULL, rate:0, size:33
2026-05-10 17:53:37, EXEC, v:1, k:fup@colorido, mode:FULL, rate:16, size:32
2026-05-10 17:53:30, MOVE, v:1, k:fup@colorido, mode:EDIT
2026-05-10 17:53:37, MOVE, v:1, k:fup@colorido, mode:EDIT
2026-05-10 17:58:20, EXEC, v:1, k:fup@colorido, mode:FULL, rate:0, size:33
2026-05-10 17:58:51, EXEC, v:1, k:fup@colorido, mode:FULL, rate:100, size:33
2026-05-10 17:58:48, MOVE, v:1, k:fup@colorido, mode:EDIT
2026-05-10 17:58:50, MOVE, v:1, k:fup@colorido, mode:EDIT
2026-05-10 18:04:10, MOVE, v:1, k:fup@colorido, mode:BACK
2026-05-10 18:04:17, SELF, v:1, k:fup@colorido, self:1, rate:100, concept:1, refactor:1
