2026-03-10 16:53:40, MOVE, v:1, k:fup@tres, mode:DOWN
2026-03-10 17:13:10, MOVE, v:1, k:sandbox@user_001, mode:PICK
2026-03-10 17:14:57, EXEC, v:1, k:sandbox@user_001, mode:LOCK, rate:0, size:5
2026-03-10 17:19:29, EXEC, v:1, k:sandbox@user_001, mode:FULL, rate:0
2026-03-10 17:22:37, EXEC, v:1, k:sandbox@user_001, mode:FULL, rate:0
2026-03-10 17:31:51, EXEC, v:1, k:sandbox@user_001, mode:FULL, rate:0, size:7
2026-03-10 17:40:29, EXEC, v:1, k:sandbox@user_001, mode:FULL, rate:0, size:8
2026-03-10 17:41:06, EXEC, v:1, k:sandbox@user_001, mode:FULL, rate:0, size:8
2026-03-10 17:43:12, EXEC, v:1, k:sandbox@user_001, mode:FULL, rate:0, size:9
2026-03-10 17:46:29, EXEC, v:1, k:sandbox@user_001, mode:FULL, rate:0, size:10
2026-03-10 17:48:51, EXEC, v:1, k:sandbox@user_001, mode:FULL, rate:0, size:11
2026-03-10 17:49:05, EXEC, v:1, k:sandbox@user_001, mode:FULL, rate:0
2026-03-10 17:51:23, EXEC, v:1, k:sandbox@user_001, mode:FULL, rate:0, size:12
2026-03-10 17:52:10, EXEC, v:1, k:sandbox@user_001, mode:FREE
2026-03-10 17:55:39, EXEC, v:1, k:sandbox@user_001, mode:FULL, rate:0, size:11
2026-03-10 17:55:55, EXEC, v:1, k:sandbox@user_001, mode:FULL, rate:0, size:11
2026-03-10 17:57:17, EXEC, v:1, k:sandbox@user_001, mode:FULL, rate:0, size:11
2026-03-10 17:57:34, EXEC, v:1, k:sandbox@user_001, mode:FULL, rate:0, size:11
2026-03-10 17:58:18, EXEC, v:1, k:sandbox@user_001, mode:FULL, rate:0, size:10
2026-03-10 17:59:14, MOVE, v:1, k:sandbox@user_001, mode:BACK
2026-03-10 17:59:35, MOVE, v:1, k:sandbox@user_001, mode:PICK
2026-03-10 17:59:38, EXEC, v:1, k:sandbox@user_001, mode:FREE, size:10
2026-03-10 17:59:52, EXEC, v:1, k:sandbox@user_001, mode:FULL, rate:100
2026-03-10 18:00:23, MOVE, v:1, k:sandbox@user_001, mode:BACK
2026-03-10 18:04:11, MOVE, v:1, k:fup@tres, mode:PICK
2026-03-10 18:04:17, EXEC, v:1, k:fup@tres, mode:FULL, rate:0, size:5
2026-03-10 18:04:27, MOVE, v:1, k:fup@tres, mode:BACK
2026-03-10 18:04:48, MOVE, v:1, k:fup@tres, mode:PICK
2026-03-10 18:04:55, EXEC, v:1, k:fup@tres, mode:FULL, rate:0
2026-03-10 18:09:17, EXEC, v:1, k:fup@tres, mode:FULL, rate:0, size:6
2026-03-10 18:09:59, EXEC, v:1, k:fup@tres, mode:FULL, rate:0, size:7
2026-03-10 18:10:11, EXEC, v:1, k:fup@tres, mode:FULL, rate:0, size:7
2026-03-10 18:10:28, EXEC, v:1, k:fup@tres, mode:FULL, rate:100, size:7
2026-03-10 18:12:15, MOVE, v:1, k:fup@tres, mode:BACK
2026-03-10 18:13:00, MOVE, v:1, k:fup@resto, mode:DOWN
2026-03-10 18:13:03, MOVE, v:1, k:fup@resto, mode:PICK
2026-03-10 18:13:05, EXEC, v:1, k:fup@resto, mode:FULL, rate:0, size:5
2026-03-10 18:20:10, EXEC, v:1, k:fup@resto, mode:FULL, rate:100, size:7
2026-03-10 18:20:15, MOVE, v:1, k:fup@resto, mode:BACK
