2026-04-26 22:04:47, MOVE, v:1, k:fup@goiabas, mode:DOWN
2026-04-26 22:04:48, MOVE, v:1, k:fup@goiabas, mode:PICK
2026-04-26 22:04:55, MOVE, v:1, k:fup@goiabas, mode:EDIT
2026-04-26 22:04:47, MOVE, v:1, k:fup@goiabas, mode:EDIT
2026-04-26 22:04:55, MOVE, v:1, k:fup@goiabas, mode:EDIT
2026-04-26 22:09:15, EXEC, v:1, k:fup@goiabas, mode:FULL, rate:0, size:5
2026-04-26 22:09:15, MOVE, v:1, k:fup@goiabas, mode:EDIT
2026-04-26 22:11:48, MOVE, v:1, k:fup@goiabas, mode:EDIT
2026-04-26 22:15:30, EXEC, v:1, k:fup@goiabas, mode:FULL, rate:0, size:10
2026-04-26 22:15:49, EXEC, v:1, k:fup@goiabas, mode:FULL, rate:12, size:10
2026-04-26 22:16:57, EXEC, v:1, k:fup@goiabas, mode:FULL, rate:37, size:12
2026-04-26 22:18:28, EXEC, v:1, k:fup@goiabas, mode:FULL, rate:50, size:13
2026-04-26 22:18:43, EXEC, v:1, k:fup@goiabas, mode:FULL, rate:50, size:13
2026-04-26 22:18:40, MOVE, v:1, k:fup@goiabas, mode:EDIT
2026-04-26 22:18:42, MOVE, v:1, k:fup@goiabas, mode:EDIT
2026-04-26 22:19:03, EXEC, v:1, k:fup@goiabas, mode:FULL, rate:50, size:13
2026-04-26 22:20:24, EXEC, v:1, k:fup@goiabas, mode:FULL, rate:50, size:13
2026-04-26 22:22:25, EXEC, v:1, k:fup@goiabas, mode:FULL, rate:50, size:13
2026-04-26 22:23:36, MOVE, v:1, k:fup@goiabas, mode:EDIT
2026-04-26 22:22:24, MOVE, v:1, k:fup@goiabas, mode:EDIT
2026-04-26 22:25:12, MOVE, v:1, k:fup@goiabas, mode:EDIT
2026-04-26 22:30:29, EXEC, v:1, k:fup@goiabas, mode:FULL, rate:50, size:17
2026-04-26 22:30:43, EXEC, v:1, k:fup@goiabas, mode:FULL, rate:50
2026-04-26 22:31:47, EXEC, v:1, k:fup@goiabas, mode:FULL, rate:50
2026-04-26 22:32:27, EXEC, v:1, k:fup@goiabas, mode:FULL, rate:50, size:17
2026-04-26 22:32:25, MOVE, v:1, k:fup@goiabas, mode:EDIT
2026-04-26 22:32:26, MOVE, v:1, k:fup@goiabas, mode:EDIT
2026-04-26 22:34:27, MOVE, v:1, k:fup@goiabas, mode:BACK
2026-04-26 22:34:37, MOVE, v:1, k:fup@goiabas, mode:PICK
2026-04-26 22:34:43, EXEC, v:1, k:fup@goiabas, mode:FULL, rate:50
2026-04-26 22:37:38, EXEC, v:1, k:fup@goiabas, mode:FULL, rate:87, size:16
2026-04-26 22:37:37, MOVE, v:1, k:fup@goiabas, mode:EDIT
2026-04-26 22:37:25, MOVE, v:1, k:fup@goiabas, mode:EDIT
2026-04-26 22:44:27, EXEC, v:1, k:fup@goiabas, mode:FULL, rate:87
2026-04-26 22:44:45, EXEC, v:1, k:fup@goiabas, mode:FULL, rate:100, size:21
2026-04-26 22:45:21, EXEC, v:1, k:fup@goiabas, mode:FULL, rate:87, size:18
2026-04-26 22:47:15, EXEC, v:1, k:fup@goiabas, mode:FULL, rate:87, size:19
2026-04-26 22:47:46, EXEC, v:1, k:fup@goiabas, mode:FULL, rate:100, size:20
2026-04-26 22:48:16, EXEC, v:1, k:fup@goiabas, mode:FULL, rate:87, size:19
2026-04-26 22:48:46, EXEC, v:1, k:fup@goiabas, mode:FULL, rate:100, size:19
2026-04-26 22:48:45, MOVE, v:1, k:fup@goiabas, mode:EDIT
2026-04-26 22:48:19, MOVE, v:1, k:fup@goiabas, mode:EDIT
2026-04-26 22:49:05, MOVE, v:1, k:fup@goiabas, mode:BACK
2026-04-26 22:49:13, SELF, v:1, k:fup@goiabas, self:1, rate:100
2026-04-26 22:51:57, MOVE, v:1, k:fup@vet_i, mode:PICK
2026-04-26 22:52:02, EXEC, v:1, k:fup@vet_i, mode:FULL, rate:100
2026-04-26 22:52:04, MOVE, v:1, k:fup@vet_i, mode:BACK
2026-04-26 22:52:11, SELF, v:1, k:fup@vet_i, self:1, rate:100
2026-04-26 22:52:29, MOVE, v:1, k:fup@vet_ii, mode:DOWN
2026-04-26 22:52:43, MOVE, v:1, k:fup@vet_i, mode:PICK
2026-04-26 22:52:45, EXEC, v:1, k:fup@vet_i, mode:FULL, rate:100
2026-04-26 22:53:23, MOVE, v:1, k:fup@vet_i, mode:BACK
2026-04-26 22:53:43, MOVE, v:1, k:fup@loop_iii, mode:PICK
2026-04-26 22:53:45, EXEC, v:1, k:fup@loop_iii, mode:FULL, rate:0
2026-04-26 22:52:45, MOVE, v:1, k:fup@vet_i, mode:EDIT
2026-04-26 22:52:29, MOVE, v:1, k:fup@vet_ii, mode:EDIT
2026-04-26 22:52:29, MOVE, v:1, k:fup@vet_ii, mode:EDIT
2026-04-26 22:52:29, MOVE, v:1, k:fup@vet_ii, mode:EDIT
2026-04-26 22:52:58, MOVE, v:1, k:fup@vet_i, mode:EDIT
2026-04-26 22:52:58, MOVE, v:1, k:fup@vet_i, mode:EDIT
2026-04-26 22:53:43, MOVE, v:1, k:fup@loop_iii, mode:EDIT
2026-04-26 22:53:45, MOVE, v:1, k:fup@loop_iii, mode:EDIT
2026-04-26 22:55:28, EXEC, v:1, k:fup@loop_iii, mode:FULL, rate:0, size:22
2026-04-26 22:55:43, MOVE, v:1, k:fup@loop_iii, mode:BACK
2026-04-26 22:55:52, MOVE, v:1, k:fup@loop_iv, mode:PICK
2026-04-26 22:55:54, EXEC, v:1, k:fup@loop_iv, mode:FULL, rate:0
2026-04-26 22:56:08, MOVE, v:1, k:fup@loop_iv, mode:BACK
2026-04-26 22:58:35, MOVE, v:1, k:fup@loop_ii, mode:PICK
2026-04-26 22:55:36, MOVE, v:1, k:fup@loop_iii, mode:EDIT
2026-04-26 22:55:28, MOVE, v:1, k:fup@loop_iii, mode:EDIT
2026-04-26 22:55:54, MOVE, v:1, k:fup@loop_iv, mode:EDIT
2026-04-26 22:56:00, MOVE, v:1, k:fup@loop_iv, mode:EDIT
2026-04-26 22:56:00, MOVE, v:1, k:fup@loop_iv, mode:EDIT
2026-04-26 22:58:35, MOVE, v:1, k:fup@loop_ii, mode:EDIT
2026-04-26 22:58:37, MOVE, v:1, k:fup@loop_ii, mode:EDIT
2026-04-26 23:03:44, MOVE, v:1, k:fup@loop_iii, mode:PICK
2026-04-26 23:03:46, EXEC, v:1, k:fup@loop_iii, mode:FULL, rate:0, size:15
2026-04-26 23:03:52, MOVE, v:1, k:fup@loop_iii, mode:BACK
2026-04-26 23:03:54, MOVE, v:1, k:fup@loop_iv, mode:PICK
2026-04-26 23:03:57, EXEC, v:1, k:fup@loop_iv, mode:FULL, rate:0
2026-04-26 23:04:34, MOVE, v:1, k:fup@loop_iv, mode:BACK
2026-04-26 23:12:07, MOVE, v:1, k:fup@loop_iii, mode:PICK
2026-04-26 23:12:10, EXEC, v:1, k:fup@loop_iii, mode:FULL, rate:0
2026-04-26 23:12:31, MOVE, v:1, k:fup@loop_iii, mode:BACK
2026-04-26 23:33:06, MOVE, v:1, k:fup@loop_iii, mode:PICK
2026-04-26 23:33:09, EXEC, v:1, k:fup@loop_iii, mode:FULL, rate:0, size:16
2026-04-26 23:33:16, MOVE, v:1, k:fup@loop_iii, mode:BACK
2026-04-26 23:33:55, MOVE, v:1, k:fup@loop_iii, mode:PICK
2026-04-26 23:33:57, EXEC, v:1, k:fup@loop_iii, mode:FULL, rate:0
2026-04-26 23:34:23, EXEC, v:1, k:fup@loop_iii, mode:FULL, rate:0, size:16
2026-04-26 23:34:25, MOVE, v:1, k:fup@loop_iii, mode:BACK
2026-04-26 23:34:57, MOVE, v:1, k:fup@loop_iii, mode:PICK
2026-04-26 23:34:59, EXEC, v:1, k:fup@loop_iii, mode:FULL, rate:0, size:15
2026-04-26 23:35:14, EXEC, v:1, k:fup@loop_iii, mode:FULL, rate:100, size:15
2026-04-26 23:35:32, MOVE, v:1, k:fup@loop_iii, mode:BACK
2026-04-26 23:35:37, SELF, v:1, k:fup@loop_iii, self:1, rate:100
2026-04-26 23:44:52, MOVE, v:1, k:fup@loop_iv, mode:PICK
2026-04-26 23:44:54, EXEC, v:1, k:fup@loop_iv, mode:FULL, rate:0
2026-04-26 23:45:02, EXEC, v:1, k:fup@loop_iv, mode:FULL, rate:0
2026-04-26 23:45:24, EXEC, v:1, k:fup@loop_iv, mode:FULL, rate:0, size:13
2026-04-26 23:48:18, EXEC, v:1, k:fup@loop_iv, mode:FULL, rate:100, size:19
2026-04-26 23:48:20, MOVE, v:1, k:fup@loop_iv, mode:BACK
2026-04-26 23:48:27, SELF, v:1, k:fup@loop_iv, self:1, rate:100
2026-04-26 23:48:32, MOVE, v:1, k:fup@loop_v, mode:DOWN
2026-04-26 23:48:36, MOVE, v:1, k:fup@loop_v, mode:PICK
2026-04-26 23:44:48, MOVE, v:1, k:eval1@bala, mode:EDIT
2026-04-26 23:44:48, MOVE, v:1, k:eval1@bala, mode:EDIT
2026-04-26 23:44:48, MOVE, v:1, k:eval1@ceu, mode:EDIT
2026-04-26 23:44:48, MOVE, v:1, k:eval1@ceu, mode:EDIT
2026-04-26 23:44:48, MOVE, v:1, k:eval1@monica, mode:EDIT
2026-04-26 23:44:48, MOVE, v:1, k:eval1@monica, mode:EDIT
2026-04-26 23:44:48, MOVE, v:1, k:eval1@mumia, mode:EDIT
2026-04-26 23:44:48, MOVE, v:1, k:eval1@mumia, mode:EDIT
2026-04-26 23:44:48, MOVE, v:1, k:eval1@pares, mode:EDIT
2026-04-26 23:44:48, MOVE, v:1, k:eval1@pares, mode:EDIT
2026-04-26 23:44:48, MOVE, v:1, k:fup@loop_iv, mode:EDIT
2026-04-26 23:44:48, MOVE, v:1, k:fup@vet_i, mode:EDIT
2026-04-26 23:48:18, MOVE, v:1, k:fup@loop_iv, mode:EDIT
2026-04-26 23:48:15, MOVE, v:1, k:fup@loop_iv, mode:EDIT
2026-04-26 23:48:41, MOVE, v:1, k:fup@loop_v, mode:EDIT
2026-04-26 23:48:32, MOVE, v:1, k:fup@loop_v, mode:EDIT
2026-04-26 23:48:41, MOVE, v:1, k:fup@loop_v, mode:EDIT
2026-04-26 23:54:08, EXEC, v:1, k:fup@loop_v, mode:FULL, rate:0, size:9
2026-04-26 23:54:05, MOVE, v:1, k:fup@loop_v, mode:EDIT
2026-04-26 23:54:08, MOVE, v:1, k:fup@loop_v, mode:EDIT
2026-04-26 23:58:14, EXEC, v:1, k:fup@loop_v, mode:FULL, rate:0, size:11
2026-04-26 23:58:12, MOVE, v:1, k:fup@loop_v, mode:EDIT
2026-04-26 23:58:14, MOVE, v:1, k:fup@loop_v, mode:EDIT
