2026-04-12 00:01:32, MOVE, v:1, k:fup@monica, mode:EDIT
2026-04-12 00:02:31, EXEC, v:1, k:fup@monica, mode:FULL, size:14, fail:COMP
2026-04-12 00:03:05, EXEC, v:1, k:fup@monica, mode:FULL, rate:87, size:14
2026-04-12 00:03:25, EXEC, v:1, k:fup@monica, mode:FULL, rate:100, size:14
2026-04-12 00:04:44, MOVE, v:1, k:fup@monica, mode:BACK
2026-04-12 00:04:52, SELF, v:1, k:fup@monica, self:1, rate:100
2026-04-12 00:04:55, MOVE, v:1, k:fup@drone, mode:DOWN
2026-04-12 00:05:06, MOVE, v:1, k:fup@drone, mode:PICK
2026-04-12 00:12:50, MOVE, v:1, k:fup@drone, mode:PICK
2026-04-12 00:12:52, EXEC, v:1, k:fup@drone, mode:FULL, rate:100, size:12
2026-04-12 00:13:15, MOVE, v:1, k:fup@drone, mode:BACK
2026-04-12 00:13:22, SELF, v:1, k:fup@drone, self:1, rate:100
2026-04-12 00:16:47, MOVE, v:1, k:fup@teleferico, mode:DOWN
2026-04-12 00:17:01, MOVE, v:1, k:fup@teleferico, mode:PICK
2026-04-12 00:17:02, EXEC, v:1, k:fup@teleferico, mode:FULL, rate:0, size:5
2026-04-12 00:12:52, MOVE, v:1, k:fup@drone, mode:EDIT
2026-04-12 00:16:47, MOVE, v:1, k:fup@teleferico, mode:EDIT
2026-04-12 00:16:47, MOVE, v:1, k:fup@teleferico, mode:EDIT
2026-04-12 00:16:47, MOVE, v:1, k:fup@teleferico, mode:EDIT
2026-04-12 00:17:02, MOVE, v:1, k:fup@teleferico, mode:EDIT
2026-04-12 00:22:42, MOVE, v:1, k:fup@teleferico, mode:EDIT
2026-04-12 00:30:20, EXEC, v:1, k:fup@teleferico, mode:FULL, rate:37, size:8
2026-04-12 00:32:31, MOVE, v:1, k:fup@teleferico, mode:EDIT
2026-04-12 00:30:20, MOVE, v:1, k:fup@teleferico, mode:EDIT
2026-04-12 00:33:47, EXEC, v:1, k:fup@teleferico, mode:FULL, rate:37, size:10
2026-04-12 00:34:12, EXEC, v:1, k:fup@teleferico, mode:FULL, rate:37, size:11
2026-04-12 00:35:39, EXEC, v:1, k:fup@teleferico, mode:FULL, rate:75, size:12
2026-04-12 00:36:38, MOVE, v:1, k:fup@teleferico, mode:EDIT
2026-04-12 00:35:39, MOVE, v:1, k:fup@teleferico, mode:EDIT
2026-04-12 00:37:59, MOVE, v:1, k:fup@teleferico, mode:EDIT
2026-04-12 00:46:00, EXEC, v:1, k:fup@teleferico, mode:FULL, rate:62, size:14
2026-04-12 00:46:40, MOVE, v:1, k:fup@drone, mode:PICK
2026-04-12 00:46:41, EXEC, v:1, k:fup@drone, mode:FULL, rate:100
2026-04-12 00:46:42, MOVE, v:1, k:fup@drone, mode:BACK
2026-04-12 00:46:47, MOVE, v:1, k:fup@teleferico, mode:PICK
2026-04-12 00:46:48, EXEC, v:1, k:fup@teleferico, mode:FULL, rate:75, size:12
2026-04-12 00:50:10, EXEC, v:1, k:fup@teleferico, mode:FULL, rate:100, size:12
2026-04-12 00:46:41, MOVE, v:1, k:fup@drone, mode:EDIT
2026-04-12 00:50:10, MOVE, v:1, k:fup@teleferico, mode:EDIT
2026-04-12 00:50:07, MOVE, v:1, k:fup@teleferico, mode:EDIT
2026-04-12 00:53:04, MOVE, v:1, k:fup@teleferico, mode:BACK
2026-04-12 00:53:25, SELF, v:1, k:fup@teleferico, self:1, rate:100, concept:1, refactor:1
2026-04-12 00:53:46, MOVE, v:1, k:fup@drone, mode:PICK
2026-04-12 00:53:47, EXEC, v:1, k:fup@drone, mode:FULL, rate:100
2026-04-12 00:53:48, MOVE, v:1, k:fup@drone, mode:BACK
2026-04-12 00:53:49, MOVE, v:1, k:fup@teleferico, mode:PICK
2026-04-12 00:53:50, EXEC, v:1, k:fup@teleferico, mode:FULL, rate:100, size:12
2026-04-12 00:53:51, MOVE, v:1, k:fup@teleferico, mode:BACK
2026-04-12 00:54:16, MOVE, v:1, k:fup@loop_i, mode:DOWN
2026-04-12 00:54:17, MOVE, v:1, k:fup@loop_i, mode:PICK
2026-04-12 00:54:20, EXEC, v:1, k:fup@loop_i, mode:FULL, rate:0, size:5
2026-04-12 00:57:28, EXEC, v:1, k:fup@loop_i, mode:FULL, rate:33, size:9
2026-04-12 00:58:35, EXEC, v:1, k:fup@loop_i, mode:FULL, rate:100, size:9
2026-04-12 00:53:46, MOVE, v:1, k:fup@drone, mode:EDIT
2026-04-12 00:53:50, MOVE, v:1, k:fup@teleferico, mode:EDIT
2026-04-12 00:54:16, MOVE, v:1, k:fup@loop_i, mode:EDIT
2026-04-12 00:54:16, MOVE, v:1, k:fup@loop_i, mode:EDIT
2026-04-12 00:58:35, MOVE, v:1, k:fup@loop_i, mode:EDIT
2026-04-12 00:58:34, MOVE, v:1, k:fup@loop_i, mode:EDIT
2026-04-12 00:59:45, MOVE, v:1, k:fup@loop_i, mode:BACK
2026-04-12 00:59:54, SELF, v:1, k:fup@loop_i, self:1, rate:100, concept:1, refactor:1
2026-04-12 01:00:09, MOVE, v:1, k:fup@teleferico, mode:PICK
2026-04-12 01:00:10, EXEC, v:1, k:fup@teleferico, mode:FULL, rate:100
2026-04-12 01:00:11, MOVE, v:1, k:fup@teleferico, mode:BACK
2026-04-12 01:00:15, MOVE, v:1, k:fup@loop_i, mode:PICK
2026-04-12 01:00:16, EXEC, v:1, k:fup@loop_i, mode:FULL, rate:100
2026-04-12 01:00:18, MOVE, v:1, k:fup@loop_i, mode:BACK
2026-04-12 23:16:56, MOVE, v:1, k:fup@loop_i, mode:PICK
2026-04-12 23:17:02, EXEC, v:1, k:fup@loop_i, mode:FULL, rate:100
2026-04-12 23:17:41, MOVE, v:1, k:fup@loop_i, mode:BACK
2026-04-12 23:17:59, MOVE, v:1, k:fup@loop_ii, mode:DOWN
2026-04-12 23:18:01, MOVE, v:1, k:fup@loop_ii, mode:PICK
2026-04-12 23:18:04, EXEC, v:1, k:fup@loop_ii, mode:FULL, rate:0, size:5
2026-04-12 23:17:00, MOVE, v:1, k:fup@loop_i, mode:EDIT
2026-04-12 23:18:09, MOVE, v:1, k:fup@loop_ii, mode:EDIT
2026-04-12 23:17:59, MOVE, v:1, k:fup@loop_ii, mode:EDIT
2026-04-12 23:19:29, MOVE, v:1, k:fup@loop_ii, mode:EDIT
2026-04-12 23:18:04, MOVE, v:1, k:fup@loop_ii, mode:EDIT
2026-04-12 23:22:49, EXEC, v:1, k:fup@loop_ii, mode:FULL, rate:0, size:9
2026-04-12 23:23:53, MOVE, v:1, k:fup@loop_ii, mode:EDIT
2026-04-12 23:22:48, MOVE, v:1, k:fup@loop_ii, mode:EDIT
2026-04-12 23:28:08, EXEC, v:1, k:fup@loop_ii, mode:FULL, rate:0, size:9
2026-04-12 23:29:21, EXEC, v:1, k:fup@loop_ii, mode:FULL, rate:0, size:9
2026-04-12 23:29:43, EXEC, v:1, k:fup@loop_ii, mode:FULL, rate:0, size:9
2026-04-12 23:29:52, EXEC, v:1, k:fup@loop_ii, mode:FULL, rate:0, size:9
2026-04-12 23:29:49, MOVE, v:1, k:fup@loop_ii, mode:EDIT
2026-04-12 23:29:51, MOVE, v:1, k:fup@loop_ii, mode:EDIT
2026-04-12 23:32:21, EXEC, v:1, k:fup@loop_ii, mode:FULL, rate:0, size:11
2026-04-12 23:33:18, EXEC, v:1, k:fup@loop_ii, mode:FULL, rate:0, size:11
2026-04-12 23:33:28, EXEC, v:1, k:fup@loop_ii, mode:FULL, rate:0, size:11
2026-04-12 23:33:37, EXEC, v:1, k:fup@loop_ii, mode:FULL, rate:0, size:11
2026-04-12 23:33:50, EXEC, v:1, k:fup@loop_ii, mode:FULL, rate:0, size:11
2026-04-12 23:34:13, EXEC, v:1, k:fup@loop_ii, mode:FULL, rate:0, size:11
2026-04-12 23:34:20, EXEC, v:1, k:fup@loop_ii, mode:FULL, rate:0, size:11
2026-04-12 23:34:17, MOVE, v:1, k:fup@loop_ii, mode:EDIT
2026-04-12 23:34:20, MOVE, v:1, k:fup@loop_ii, mode:EDIT
2026-04-12 23:35:42, EXEC, v:1, k:fup@loop_ii, mode:FULL, rate:0, size:10
2026-04-12 23:35:57, EXEC, v:1, k:fup@loop_ii, mode:FULL, rate:0, size:10
2026-04-12 23:36:16, EXEC, v:1, k:fup@loop_ii, mode:FULL, rate:0, size:11
2026-04-12 23:36:27, EXEC, v:1, k:fup@loop_ii, mode:FULL, rate:0, size:11
2026-04-12 23:36:33, EXEC, v:1, k:fup@loop_ii, mode:FULL, rate:0, size:11
2026-04-12 23:37:14, EXEC, v:1, k:fup@loop_ii, mode:FULL, rate:0, size:11
2026-04-12 23:37:36, EXEC, v:1, k:fup@loop_ii, mode:FULL, rate:0, size:11
2026-04-12 23:38:34, EXEC, v:1, k:fup@loop_ii, mode:FULL, rate:0, size:20
2026-04-12 23:39:01, EXEC, v:1, k:fup@loop_ii, mode:FULL, rate:0, size:20
2026-04-12 23:39:15, EXEC, v:1, k:fup@loop_ii, mode:FULL, rate:0, size:20
2026-04-12 23:39:23, EXEC, v:1, k:fup@loop_ii, mode:FULL, rate:100, size:20
2026-04-12 23:39:33, EXEC, v:1, k:fup@loop_ii, mode:FULL, rate:0, size:18
2026-04-12 23:39:54, EXEC, v:1, k:fup@loop_ii, mode:FULL, rate:0, size:11
2026-04-12 23:40:01, EXEC, v:1, k:fup@loop_ii, mode:FULL, rate:0, size:11
2026-04-12 23:39:59, MOVE, v:1, k:fup@loop_ii, mode:EDIT
2026-04-12 23:40:01, MOVE, v:1, k:fup@loop_ii, mode:EDIT
2026-04-12 23:42:54, EXEC, v:1, k:fup@loop_ii, mode:FULL, rate:0, size:14
2026-04-12 23:43:00, EXEC, v:1, k:fup@loop_ii, mode:FULL, rate:0, size:14
2026-04-12 23:44:50, EXEC, v:1, k:fup@loop_ii, mode:FULL, rate:0, size:14
2026-04-12 23:44:58, MOVE, v:1, k:fup@loop_ii, mode:EDIT
2026-04-12 23:44:50, MOVE, v:1, k:fup@loop_ii, mode:EDIT
2026-04-12 23:45:31, EXEC, v:1, k:fup@loop_ii, mode:FULL, rate:0, size:14
2026-04-12 23:45:39, EXEC, v:1, k:fup@loop_ii, mode:FULL, rate:0, size:14
2026-04-12 23:45:47, EXEC, v:1, k:fup@loop_ii, mode:FULL, rate:0, size:14
2026-04-12 23:48:22, EXEC, v:1, k:fup@loop_ii, mode:FULL, rate:100, size:20
2026-04-12 23:48:22, MOVE, v:1, k:fup@loop_ii, mode:EDIT
2026-04-12 23:50:09, MOVE, v:1, k:fup@loop_ii, mode:EDIT
2026-04-12 23:50:14, EXEC, v:1, k:fup@loop_ii, mode:FULL, rate:100
2026-04-12 23:50:20, EXEC, v:1, k:fup@loop_ii, mode:FULL, rate:100
2026-04-12 23:51:47, EXEC, v:1, k:fup@loop_ii, mode:FULL, rate:0, size:19
2026-04-12 23:51:46, MOVE, v:1, k:fup@loop_ii, mode:EDIT
2026-04-12 23:54:54, MOVE, v:1, k:fup@loop_ii, mode:EDIT
2026-04-12 23:56:52, EXEC, v:1, k:fup@loop_ii, mode:FULL, rate:100, size:19
2026-04-12 23:57:01, MOVE, v:1, k:fup@loop_ii, mode:BACK
2026-04-12 23:57:12, SELF, v:1, k:fup@loop_ii, self:1, rate:100, concept:1, refactor:1
2026-04-12 23:57:15, MOVE, v:1, k:fup@loop_iii, mode:DOWN
2026-04-12 23:57:17, MOVE, v:1, k:fup@loop_iii, mode:PICK
2026-04-12 23:57:20, EXEC, v:1, k:fup@loop_iii, mode:FULL, rate:0, size:5
2026-04-12 23:56:48, MOVE, v:1, k:fup@loop_ii, mode:EDIT
2026-04-12 23:56:52, MOVE, v:1, k:fup@loop_ii, mode:EDIT
2026-04-12 23:57:29, MOVE, v:1, k:fup@loop_iii, mode:EDIT
2026-04-12 23:57:15, MOVE, v:1, k:fup@loop_iii, mode:EDIT
2026-04-12 23:57:29, MOVE, v:1, k:fup@loop_iii, mode:EDIT
2026-04-12 23:57:19, MOVE, v:1, k:fup@loop_iii, mode:EDIT
